0 info it worked if it ends with ok
1 verbose cli [ 'node', '/usr/local/bin/npm', 'install', 'learnyounode', '-g' ]
2 info using npm@1.4.3
3 info using node@v0.10.26
4 verbose cache add [ 'learnyounode', null ]
5 verbose cache add name=undefined spec="learnyounode" args=["learnyounode",null]
6 verbose parsed url { protocol: null,
6 verbose parsed url   slashes: null,
6 verbose parsed url   auth: null,
6 verbose parsed url   host: null,
6 verbose parsed url   port: null,
6 verbose parsed url   hostname: null,
6 verbose parsed url   hash: null,
6 verbose parsed url   search: null,
6 verbose parsed url   query: null,
6 verbose parsed url   pathname: 'learnyounode',
6 verbose parsed url   path: 'learnyounode',
6 verbose parsed url   href: 'learnyounode' }
7 silly lockFile 8d456d9f-learnyounode learnyounode
8 verbose lock learnyounode /Users/timoorkurdi/.npm/8d456d9f-learnyounode.lock
9 silly lockFile 8d456d9f-learnyounode learnyounode
10 silly lockFile 8d456d9f-learnyounode learnyounode
11 verbose addNamed [ 'learnyounode', '' ]
12 verbose addNamed [ null, '*' ]
13 silly lockFile a353de34-learnyounode learnyounode@
14 verbose lock learnyounode@ /Users/timoorkurdi/.npm/a353de34-learnyounode.lock
15 silly addNameRange { name: 'learnyounode', range: '*', hasData: false }
16 verbose url raw learnyounode
17 verbose url resolving [ 'https://registry.npmjs.org/', './learnyounode' ]
18 verbose url resolved https://registry.npmjs.org/learnyounode
19 info trying registry request attempt 1 at 11:05:15
20 http GET https://registry.npmjs.org/learnyounode
21 http 200 https://registry.npmjs.org/learnyounode
22 silly registry.get cb [ 200,
22 silly registry.get   { date: 'Mon, 15 Sep 2014 15:05:12 GMT',
22 silly registry.get     server: 'CouchDB/1.5.0 (Erlang OTP/R16B03)',
22 silly registry.get     etag: '"9L56LLA7U9SALA83NEEMQTQJH"',
22 silly registry.get     'content-type': 'application/json',
22 silly registry.get     'cache-control': 'max-age=60',
22 silly registry.get     'content-length': '56033',
22 silly registry.get     'accept-ranges': 'bytes',
22 silly registry.get     via: '1.1 varnish',
22 silly registry.get     age: '5151',
22 silly registry.get     'x-served-by': 'cache-jfk1034-JFK',
22 silly registry.get     'x-cache': 'HIT',
22 silly registry.get     'x-cache-hits': '1',
22 silly registry.get     'x-timer': 'S1410793512.533312,VS0,VE0',
22 silly registry.get     vary: 'Accept',
22 silly registry.get     'keep-alive': 'timeout=10, max=50',
22 silly registry.get     connection: 'Keep-Alive' } ]
23 silly addNameRange number 2 { name: 'learnyounode', range: '*', hasData: true }
24 silly addNameRange versions [ 'learnyounode',
24 silly addNameRange   [ '0.0.0',
24 silly addNameRange     '0.0.1',
24 silly addNameRange     '0.0.2',
24 silly addNameRange     '0.0.3',
24 silly addNameRange     '0.0.4',
24 silly addNameRange     '0.0.5',
24 silly addNameRange     '0.0.6',
24 silly addNameRange     '0.0.7',
24 silly addNameRange     '0.0.8',
24 silly addNameRange     '0.0.9',
24 silly addNameRange     '0.1.0',
24 silly addNameRange     '0.1.1',
24 silly addNameRange     '0.2.0',
24 silly addNameRange     '0.2.1',
24 silly addNameRange     '0.2.2',
24 silly addNameRange     '0.2.3',
24 silly addNameRange     '0.2.4',
24 silly addNameRange     '0.2.5',
24 silly addNameRange     '0.2.6',
24 silly addNameRange     '0.2.7',
24 silly addNameRange     '0.2.8',
24 silly addNameRange     '0.2.9',
24 silly addNameRange     '0.2.10',
24 silly addNameRange     '0.2.11',
24 silly addNameRange     '0.2.12',
24 silly addNameRange     '0.2.13',
24 silly addNameRange     '0.2.14',
24 silly addNameRange     '0.2.15',
24 silly addNameRange     '0.2.16',
24 silly addNameRange     '0.2.16-mimbug',
24 silly addNameRange     '0.3.0',
24 silly addNameRange     '0.3.1',
24 silly addNameRange     '0.3.2',
24 silly addNameRange     '0.3.3',
24 silly addNameRange     '0.4.0',
24 silly addNameRange     '0.4.1',
24 silly addNameRange     '1.0.0-alpha01',
24 silly addNameRange     '1.0.0',
24 silly addNameRange     '1.0.1' ] ]
25 verbose addNamed [ 'learnyounode', '1.0.1' ]
26 verbose addNamed [ '1.0.1', '1.0.1' ]
27 silly lockFile 22adafd5-learnyounode-1-0-1 learnyounode@1.0.1
28 verbose lock learnyounode@1.0.1 /Users/timoorkurdi/.npm/22adafd5-learnyounode-1-0-1.lock
29 silly lockFile 759a4b43-rnyounode-learnyounode-1-0-1-tgz https://registry.npmjs.org/learnyounode/-/learnyounode-1.0.1.tgz
30 verbose lock https://registry.npmjs.org/learnyounode/-/learnyounode-1.0.1.tgz /Users/timoorkurdi/.npm/759a4b43-rnyounode-learnyounode-1-0-1-tgz.lock
31 verbose addRemoteTarball [ 'https://registry.npmjs.org/learnyounode/-/learnyounode-1.0.1.tgz',
31 verbose addRemoteTarball   '6016656bfb62b02acb88aa44cc4d0216ef095638' ]
32 info retry fetch attempt 1 at 11:05:15
33 verbose fetch to= /var/folders/zc/cg0cg2fj0wx2pv4y5x6px1800000gn/T/npm-3329-4_pS2rbO/1410793515595-0.05590004287660122/tmp.tgz
34 http GET https://registry.npmjs.org/learnyounode/-/learnyounode-1.0.1.tgz
35 http 200 https://registry.npmjs.org/learnyounode/-/learnyounode-1.0.1.tgz
36 verbose tar unpack /var/folders/zc/cg0cg2fj0wx2pv4y5x6px1800000gn/T/npm-3329-4_pS2rbO/1410793515595-0.05590004287660122/tmp.tgz
37 silly lockFile f6a985af-5595-0-05590004287660122-package tar:///var/folders/zc/cg0cg2fj0wx2pv4y5x6px1800000gn/T/npm-3329-4_pS2rbO/1410793515595-0.05590004287660122/package
38 verbose lock tar:///var/folders/zc/cg0cg2fj0wx2pv4y5x6px1800000gn/T/npm-3329-4_pS2rbO/1410793515595-0.05590004287660122/package /Users/timoorkurdi/.npm/f6a985af-5595-0-05590004287660122-package.lock
39 silly lockFile cb7e7a9e-5595-0-05590004287660122-tmp-tgz tar:///var/folders/zc/cg0cg2fj0wx2pv4y5x6px1800000gn/T/npm-3329-4_pS2rbO/1410793515595-0.05590004287660122/tmp.tgz
40 verbose lock tar:///var/folders/zc/cg0cg2fj0wx2pv4y5x6px1800000gn/T/npm-3329-4_pS2rbO/1410793515595-0.05590004287660122/tmp.tgz /Users/timoorkurdi/.npm/cb7e7a9e-5595-0-05590004287660122-tmp-tgz.lock
41 silly gunzTarPerm modes [ '755', '644' ]
42 silly gunzTarPerm extractEntry package.json
43 silly gunzTarPerm modified mode [ 'package.json', 436, 420 ]
44 silly gunzTarPerm extractEntry .npmignore
45 silly gunzTarPerm modified mode [ '.npmignore', 436, 420 ]
46 silly gunzTarPerm extractEntry README.md
47 silly gunzTarPerm modified mode [ 'README.md', 436, 420 ]
48 silly gunzTarPerm extractEntry LICENSE
49 silly gunzTarPerm modified mode [ 'LICENSE', 436, 420 ]
50 silly gunzTarPerm extractEntry credits.js
51 silly gunzTarPerm modified mode [ 'credits.js', 436, 420 ]
52 silly gunzTarPerm extractEntry learnyounode.js
53 silly gunzTarPerm extractEntry docs/bl.html
54 silly gunzTarPerm extractEntry docs/concat-stream.html
55 silly gunzTarPerm extractEntry docs/through2-map.html
56 silly gunzTarPerm extractEntry .jshintrc
57 silly gunzTarPerm modified mode [ '.jshintrc', 436, 420 ]
58 silly gunzTarPerm extractEntry help.txt
59 silly gunzTarPerm modified mode [ 'help.txt', 438, 420 ]
60 silly gunzTarPerm extractEntry credits.txt
61 silly gunzTarPerm modified mode [ 'credits.txt', 436, 420 ]
62 silly gunzTarPerm extractEntry lib/rndport.js
63 silly gunzTarPerm modified mode [ 'lib/rndport.js', 436, 420 ]
64 silly gunzTarPerm extractEntry node_apidoc/index.html
65 silly gunzTarPerm extractEntry node_apidoc/_toc.html
66 silly gunzTarPerm extractEntry node_apidoc/all.html
67 silly gunzTarPerm extractEntry node_apidoc/assert.html
68 silly gunzTarPerm extractEntry node_apidoc/assets/sh.css
69 silly gunzTarPerm modified mode [ 'node_apidoc/assets/sh.css', 436, 420 ]
70 silly gunzTarPerm extractEntry node_apidoc/assets/style.css
71 silly gunzTarPerm modified mode [ 'node_apidoc/assets/style.css', 436, 420 ]
72 silly gunzTarPerm extractEntry node_apidoc/buffer.html
73 silly gunzTarPerm extractEntry node_apidoc/child_process.html
74 silly gunzTarPerm extractEntry node_apidoc/cluster.html
75 silly gunzTarPerm extractEntry node_apidoc/console.html
76 silly gunzTarPerm extractEntry node_apidoc/crypto.html
77 silly gunzTarPerm extractEntry node_apidoc/debugger.html
78 silly gunzTarPerm extractEntry node_apidoc/dgram.html
79 silly gunzTarPerm extractEntry node_apidoc/dns.html
80 silly gunzTarPerm extractEntry node_apidoc/documentation.html
81 silly gunzTarPerm extractEntry node_apidoc/domain.html
82 silly gunzTarPerm extractEntry node_apidoc/events.html
83 silly gunzTarPerm extractEntry node_apidoc/fs.html
84 silly gunzTarPerm extractEntry node_apidoc/globals.html
85 silly gunzTarPerm extractEntry node_apidoc/http.html
86 silly gunzTarPerm extractEntry node_apidoc/https.html
87 silly gunzTarPerm extractEntry node_apidoc/addons.html
88 silly gunzTarPerm extractEntry node_apidoc/modules.html
89 silly gunzTarPerm extractEntry node_apidoc/net.html
90 silly gunzTarPerm extractEntry node_apidoc/os.html
91 silly gunzTarPerm extractEntry node_apidoc/path.html
92 silly gunzTarPerm extractEntry node_apidoc/process.html
93 silly gunzTarPerm extractEntry node_apidoc/punycode.html
94 silly gunzTarPerm extractEntry node_apidoc/querystring.html
95 silly gunzTarPerm extractEntry node_apidoc/readline.html
96 silly gunzTarPerm extractEntry node_apidoc/repl.html
97 silly gunzTarPerm extractEntry node_apidoc/stream.html
98 silly gunzTarPerm extractEntry node_apidoc/string_decoder.html
99 silly gunzTarPerm extractEntry node_apidoc/synopsis.html
100 silly gunzTarPerm extractEntry node_apidoc/timers.html
101 silly gunzTarPerm extractEntry node_apidoc/tls.html
102 silly gunzTarPerm extractEntry node_apidoc/tty.html
103 silly gunzTarPerm extractEntry node_apidoc/url.html
104 silly gunzTarPerm extractEntry node_apidoc/util.html
105 silly gunzTarPerm extractEntry node_apidoc/vm.html
106 silly gunzTarPerm extractEntry node_apidoc/zlib.html
107 silly gunzTarPerm extractEntry exercises/http_uppercaserer/exercise.js
108 silly gunzTarPerm modified mode [ 'exercises/http_uppercaserer/exercise.js', 436, 420 ]
109 silly gunzTarPerm extractEntry exercises/http_uppercaserer/problem.md
110 silly gunzTarPerm modified mode [ 'exercises/http_uppercaserer/problem.md', 436, 420 ]
111 silly gunzTarPerm extractEntry exercises/http_uppercaserer/solution/solution.js
112 silly gunzTarPerm modified mode [ 'exercises/http_uppercaserer/solution/solution.js', 436, 420 ]
113 silly gunzTarPerm extractEntry exercises/baby_steps/exercise.js
114 silly gunzTarPerm modified mode [ 'exercises/baby_steps/exercise.js', 436, 420 ]
115 silly gunzTarPerm extractEntry exercises/baby_steps/problem.md
116 silly gunzTarPerm modified mode [ 'exercises/baby_steps/problem.md', 436, 420 ]
117 silly gunzTarPerm extractEntry exercises/baby_steps/solution/solution.js
118 silly gunzTarPerm modified mode [ 'exercises/baby_steps/solution/solution.js', 436, 420 ]
119 silly gunzTarPerm extractEntry exercises/hello_world/exercise.js
120 silly gunzTarPerm modified mode [ 'exercises/hello_world/exercise.js', 436, 420 ]
121 silly gunzTarPerm extractEntry exercises/hello_world/problem.md
122 silly gunzTarPerm modified mode [ 'exercises/hello_world/problem.md', 436, 420 ]
123 silly gunzTarPerm extractEntry exercises/hello_world/solution/solution.js
124 silly gunzTarPerm modified mode [ 'exercises/hello_world/solution/solution.js', 436, 420 ]
125 silly gunzTarPerm extractEntry exercises/http_client/exercise.js
126 silly gunzTarPerm modified mode [ 'exercises/http_client/exercise.js', 436, 420 ]
127 silly gunzTarPerm extractEntry exercises/http_client/problem.md
128 silly gunzTarPerm modified mode [ 'exercises/http_client/problem.md', 436, 420 ]
129 silly gunzTarPerm extractEntry exercises/http_client/solution/solution.js
130 silly gunzTarPerm modified mode [ 'exercises/http_client/solution/solution.js', 436, 420 ]
131 silly gunzTarPerm extractEntry exercises/http_collect/exercise.js
132 silly gunzTarPerm modified mode [ 'exercises/http_collect/exercise.js', 436, 420 ]
133 silly gunzTarPerm extractEntry exercises/http_collect/problem.md
134 silly gunzTarPerm modified mode [ 'exercises/http_collect/problem.md', 436, 420 ]
135 silly gunzTarPerm extractEntry exercises/http_collect/solution/solution.js
136 silly gunzTarPerm modified mode [ 'exercises/http_collect/solution/solution.js', 436, 420 ]
137 silly gunzTarPerm extractEntry exercises/http_file_server/exercise.js
138 silly gunzTarPerm modified mode [ 'exercises/http_file_server/exercise.js', 436, 420 ]
139 silly gunzTarPerm extractEntry exercises/http_file_server/problem.md
140 silly gunzTarPerm modified mode [ 'exercises/http_file_server/problem.md', 436, 420 ]
141 silly gunzTarPerm extractEntry exercises/http_file_server/solution/solution.js
142 silly gunzTarPerm modified mode [ 'exercises/http_file_server/solution/solution.js', 436, 420 ]
143 silly gunzTarPerm extractEntry exercises/http_json_api_server/exercise.js
144 silly gunzTarPerm modified mode [ 'exercises/http_json_api_server/exercise.js', 436, 420 ]
145 silly gunzTarPerm extractEntry exercises/http_json_api_server/problem.md
146 silly gunzTarPerm modified mode [ 'exercises/http_json_api_server/problem.md', 436, 420 ]
147 silly gunzTarPerm extractEntry exercises/http_json_api_server/solution/solution.js
148 silly gunzTarPerm modified mode [ 'exercises/http_json_api_server/solution/solution.js',
148 silly gunzTarPerm   436,
148 silly gunzTarPerm   420 ]
149 silly gunzTarPerm extractEntry exercises/filtered_ls/exercise.js
150 silly gunzTarPerm modified mode [ 'exercises/filtered_ls/exercise.js', 436, 420 ]
151 silly gunzTarPerm extractEntry exercises/filtered_ls/file-list.json
152 silly gunzTarPerm modified mode [ 'exercises/filtered_ls/file-list.json', 436, 420 ]
153 silly gunzTarPerm extractEntry exercises/filtered_ls/problem.md
154 silly gunzTarPerm modified mode [ 'exercises/filtered_ls/problem.md', 436, 420 ]
155 silly gunzTarPerm extractEntry exercises/filtered_ls/solution/solution.js
156 silly gunzTarPerm modified mode [ 'exercises/filtered_ls/solution/solution.js', 436, 420 ]
157 silly gunzTarPerm extractEntry exercises/juggling_async/exercise.js
158 silly gunzTarPerm modified mode [ 'exercises/juggling_async/exercise.js', 436, 420 ]
159 silly gunzTarPerm extractEntry exercises/juggling_async/problem.md
160 silly gunzTarPerm modified mode [ 'exercises/juggling_async/problem.md', 436, 420 ]
161 silly gunzTarPerm extractEntry exercises/juggling_async/solution/solution.js
162 silly gunzTarPerm modified mode [ 'exercises/juggling_async/solution/solution.js', 436, 420 ]
163 silly gunzTarPerm extractEntry exercises/make_it_modular/exercise.js
164 silly gunzTarPerm modified mode [ 'exercises/make_it_modular/exercise.js', 436, 420 ]
165 silly gunzTarPerm extractEntry exercises/make_it_modular/verify.js
166 silly gunzTarPerm modified mode [ 'exercises/make_it_modular/verify.js', 436, 420 ]
167 silly gunzTarPerm extractEntry exercises/make_it_modular/wrap-requires.js
168 silly gunzTarPerm modified mode [ 'exercises/make_it_modular/wrap-requires.js', 436, 420 ]
169 silly gunzTarPerm extractEntry exercises/make_it_modular/problem.md
170 silly gunzTarPerm modified mode [ 'exercises/make_it_modular/problem.md', 436, 420 ]
171 silly gunzTarPerm extractEntry exercises/make_it_modular/solution/solution.js
172 silly gunzTarPerm modified mode [ 'exercises/make_it_modular/solution/solution.js', 436, 420 ]
173 silly gunzTarPerm extractEntry exercises/make_it_modular/solution/solution_filter.js
174 silly gunzTarPerm modified mode [ 'exercises/make_it_modular/solution/solution_filter.js',
174 silly gunzTarPerm   436,
174 silly gunzTarPerm   420 ]
175 silly gunzTarPerm extractEntry exercises/menu.json
176 silly gunzTarPerm modified mode [ 'exercises/menu.json', 436, 420 ]
177 silly gunzTarPerm extractEntry exercises/my_first_async_io/exercise.js
178 silly gunzTarPerm modified mode [ 'exercises/my_first_async_io/exercise.js', 436, 420 ]
179 silly gunzTarPerm extractEntry exercises/my_first_async_io/problem.md
180 silly gunzTarPerm modified mode [ 'exercises/my_first_async_io/problem.md', 436, 420 ]
181 silly gunzTarPerm extractEntry exercises/my_first_async_io/solution/solution.js
182 silly gunzTarPerm modified mode [ 'exercises/my_first_async_io/solution/solution.js', 436, 420 ]
183 silly gunzTarPerm extractEntry exercises/my_first_io/exercise.js
184 silly gunzTarPerm modified mode [ 'exercises/my_first_io/exercise.js', 436, 420 ]
185 silly gunzTarPerm extractEntry exercises/my_first_io/wrap.js
186 silly gunzTarPerm modified mode [ 'exercises/my_first_io/wrap.js', 436, 420 ]
187 silly gunzTarPerm extractEntry exercises/my_first_io/problem.md
188 silly gunzTarPerm modified mode [ 'exercises/my_first_io/problem.md', 436, 420 ]
189 silly gunzTarPerm extractEntry exercises/my_first_io/solution/solution.js
190 silly gunzTarPerm modified mode [ 'exercises/my_first_io/solution/solution.js', 436, 420 ]
191 silly gunzTarPerm extractEntry exercises/time_server/exercise.js
192 silly gunzTarPerm modified mode [ 'exercises/time_server/exercise.js', 436, 420 ]
193 silly gunzTarPerm extractEntry exercises/time_server/setup.js
194 silly gunzTarPerm modified mode [ 'exercises/time_server/setup.js', 436, 420 ]
195 silly gunzTarPerm extractEntry exercises/time_server/problem.md
196 silly gunzTarPerm modified mode [ 'exercises/time_server/problem.md', 436, 420 ]
197 silly gunzTarPerm extractEntry exercises/time_server/solution/solution.js
198 silly gunzTarPerm modified mode [ 'exercises/time_server/solution/solution.js', 436, 420 ]
199 silly lockFile f6a985af-5595-0-05590004287660122-package tar:///var/folders/zc/cg0cg2fj0wx2pv4y5x6px1800000gn/T/npm-3329-4_pS2rbO/1410793515595-0.05590004287660122/package
200 silly lockFile f6a985af-5595-0-05590004287660122-package tar:///var/folders/zc/cg0cg2fj0wx2pv4y5x6px1800000gn/T/npm-3329-4_pS2rbO/1410793515595-0.05590004287660122/package
201 silly lockFile cb7e7a9e-5595-0-05590004287660122-tmp-tgz tar:///var/folders/zc/cg0cg2fj0wx2pv4y5x6px1800000gn/T/npm-3329-4_pS2rbO/1410793515595-0.05590004287660122/tmp.tgz
202 silly lockFile cb7e7a9e-5595-0-05590004287660122-tmp-tgz tar:///var/folders/zc/cg0cg2fj0wx2pv4y5x6px1800000gn/T/npm-3329-4_pS2rbO/1410793515595-0.05590004287660122/tmp.tgz
203 verbose tar pack [ '/Users/timoorkurdi/.npm/learnyounode/1.0.1/package.tgz',
203 verbose tar pack   '/var/folders/zc/cg0cg2fj0wx2pv4y5x6px1800000gn/T/npm-3329-4_pS2rbO/1410793515595-0.05590004287660122/package' ]
204 verbose tarball /Users/timoorkurdi/.npm/learnyounode/1.0.1/package.tgz
205 verbose folder /var/folders/zc/cg0cg2fj0wx2pv4y5x6px1800000gn/T/npm-3329-4_pS2rbO/1410793515595-0.05590004287660122/package
206 silly lockFile f6a985af-5595-0-05590004287660122-package tar:///var/folders/zc/cg0cg2fj0wx2pv4y5x6px1800000gn/T/npm-3329-4_pS2rbO/1410793515595-0.05590004287660122/package
207 verbose lock tar:///var/folders/zc/cg0cg2fj0wx2pv4y5x6px1800000gn/T/npm-3329-4_pS2rbO/1410793515595-0.05590004287660122/package /Users/timoorkurdi/.npm/f6a985af-5595-0-05590004287660122-package.lock
208 silly lockFile facd4bab-m-learnyounode-1-0-1-package-tgz tar:///Users/timoorkurdi/.npm/learnyounode/1.0.1/package.tgz
209 verbose lock tar:///Users/timoorkurdi/.npm/learnyounode/1.0.1/package.tgz /Users/timoorkurdi/.npm/facd4bab-m-learnyounode-1-0-1-package-tgz.lock
210 silly lockFile f6a985af-5595-0-05590004287660122-package tar:///var/folders/zc/cg0cg2fj0wx2pv4y5x6px1800000gn/T/npm-3329-4_pS2rbO/1410793515595-0.05590004287660122/package
211 silly lockFile f6a985af-5595-0-05590004287660122-package tar:///var/folders/zc/cg0cg2fj0wx2pv4y5x6px1800000gn/T/npm-3329-4_pS2rbO/1410793515595-0.05590004287660122/package
212 silly lockFile facd4bab-m-learnyounode-1-0-1-package-tgz tar:///Users/timoorkurdi/.npm/learnyounode/1.0.1/package.tgz
213 silly lockFile facd4bab-m-learnyounode-1-0-1-package-tgz tar:///Users/timoorkurdi/.npm/learnyounode/1.0.1/package.tgz
214 silly lockFile e52414f7-i-npm-learnyounode-1-0-1-package /Users/timoorkurdi/.npm/learnyounode/1.0.1/package
215 verbose lock /Users/timoorkurdi/.npm/learnyounode/1.0.1/package /Users/timoorkurdi/.npm/e52414f7-i-npm-learnyounode-1-0-1-package.lock
216 silly lockFile e52414f7-i-npm-learnyounode-1-0-1-package /Users/timoorkurdi/.npm/learnyounode/1.0.1/package
217 silly lockFile e52414f7-i-npm-learnyounode-1-0-1-package /Users/timoorkurdi/.npm/learnyounode/1.0.1/package
218 verbose tar unpack /Users/timoorkurdi/.npm/learnyounode/1.0.1/package.tgz
219 silly lockFile a7911bc5-i-npm-learnyounode-1-0-1-package tar:///Users/timoorkurdi/.npm/learnyounode/1.0.1/package
220 verbose lock tar:///Users/timoorkurdi/.npm/learnyounode/1.0.1/package /Users/timoorkurdi/.npm/a7911bc5-i-npm-learnyounode-1-0-1-package.lock
221 silly lockFile facd4bab-m-learnyounode-1-0-1-package-tgz tar:///Users/timoorkurdi/.npm/learnyounode/1.0.1/package.tgz
222 verbose lock tar:///Users/timoorkurdi/.npm/learnyounode/1.0.1/package.tgz /Users/timoorkurdi/.npm/facd4bab-m-learnyounode-1-0-1-package-tgz.lock
223 silly gunzTarPerm modes [ '755', '644' ]
224 silly gunzTarPerm extractEntry package.json
225 silly gunzTarPerm extractEntry .npmignore
226 silly gunzTarPerm extractEntry README.md
227 silly gunzTarPerm extractEntry LICENSE
228 silly gunzTarPerm extractEntry credits.js
229 silly gunzTarPerm extractEntry learnyounode.js
230 silly gunzTarPerm extractEntry .jshintrc
231 silly gunzTarPerm extractEntry exercises/http_uppercaserer/exercise.js
232 silly gunzTarPerm extractEntry exercises/http_uppercaserer/problem.md
233 silly gunzTarPerm extractEntry exercises/http_uppercaserer/solution/solution.js
234 silly gunzTarPerm extractEntry exercises/baby_steps/exercise.js
235 silly gunzTarPerm extractEntry exercises/baby_steps/problem.md
236 silly gunzTarPerm extractEntry exercises/baby_steps/solution/solution.js
237 silly gunzTarPerm extractEntry exercises/hello_world/exercise.js
238 silly gunzTarPerm extractEntry exercises/hello_world/problem.md
239 silly gunzTarPerm extractEntry exercises/hello_world/solution/solution.js
240 silly gunzTarPerm extractEntry exercises/http_client/exercise.js
241 silly gunzTarPerm extractEntry exercises/http_client/problem.md
242 silly gunzTarPerm extractEntry exercises/http_client/solution/solution.js
243 silly gunzTarPerm extractEntry exercises/http_collect/exercise.js
244 silly gunzTarPerm extractEntry exercises/http_collect/problem.md
245 silly gunzTarPerm extractEntry exercises/http_collect/solution/solution.js
246 silly gunzTarPerm extractEntry exercises/http_file_server/exercise.js
247 silly gunzTarPerm extractEntry exercises/http_file_server/problem.md
248 silly gunzTarPerm extractEntry exercises/http_file_server/solution/solution.js
249 silly gunzTarPerm extractEntry exercises/http_json_api_server/exercise.js
250 silly gunzTarPerm extractEntry exercises/http_json_api_server/problem.md
251 silly gunzTarPerm extractEntry exercises/http_json_api_server/solution/solution.js
252 silly gunzTarPerm extractEntry exercises/filtered_ls/exercise.js
253 silly gunzTarPerm extractEntry exercises/filtered_ls/file-list.json
254 silly gunzTarPerm extractEntry exercises/filtered_ls/problem.md
255 silly gunzTarPerm extractEntry exercises/filtered_ls/solution/solution.js
256 silly gunzTarPerm extractEntry exercises/juggling_async/exercise.js
257 silly gunzTarPerm extractEntry exercises/juggling_async/problem.md
258 silly gunzTarPerm extractEntry exercises/juggling_async/solution/solution.js
259 silly gunzTarPerm extractEntry exercises/make_it_modular/exercise.js
260 silly gunzTarPerm extractEntry exercises/make_it_modular/verify.js
261 silly gunzTarPerm extractEntry exercises/make_it_modular/wrap-requires.js
262 silly gunzTarPerm extractEntry exercises/make_it_modular/problem.md
263 silly gunzTarPerm extractEntry exercises/make_it_modular/solution/solution.js
264 silly gunzTarPerm extractEntry exercises/make_it_modular/solution/solution_filter.js
265 silly gunzTarPerm extractEntry exercises/menu.json
266 silly gunzTarPerm extractEntry exercises/my_first_async_io/exercise.js
267 silly gunzTarPerm extractEntry exercises/my_first_async_io/problem.md
268 silly gunzTarPerm extractEntry exercises/my_first_async_io/solution/solution.js
269 silly gunzTarPerm extractEntry exercises/my_first_io/exercise.js
270 silly gunzTarPerm extractEntry exercises/my_first_io/wrap.js
271 silly gunzTarPerm extractEntry exercises/my_first_io/problem.md
272 silly gunzTarPerm extractEntry exercises/my_first_io/solution/solution.js
273 silly gunzTarPerm extractEntry exercises/time_server/exercise.js
274 silly gunzTarPerm extractEntry exercises/time_server/setup.js
275 silly gunzTarPerm extractEntry exercises/time_server/problem.md
276 silly gunzTarPerm extractEntry exercises/time_server/solution/solution.js
277 silly gunzTarPerm extractEntry help.txt
278 silly gunzTarPerm extractEntry credits.txt
279 silly gunzTarPerm extractEntry lib/rndport.js
280 silly gunzTarPerm extractEntry node_apidoc/index.html
281 silly gunzTarPerm extractEntry node_apidoc/_toc.html
282 silly gunzTarPerm extractEntry node_apidoc/all.html
283 silly gunzTarPerm extractEntry node_apidoc/assert.html
284 silly gunzTarPerm extractEntry node_apidoc/assets/sh.css
285 silly gunzTarPerm extractEntry node_apidoc/assets/style.css
286 silly gunzTarPerm extractEntry node_apidoc/buffer.html
287 silly gunzTarPerm extractEntry node_apidoc/child_process.html
288 silly gunzTarPerm extractEntry node_apidoc/cluster.html
289 silly gunzTarPerm extractEntry node_apidoc/console.html
290 silly gunzTarPerm extractEntry node_apidoc/crypto.html
291 silly gunzTarPerm extractEntry node_apidoc/debugger.html
292 silly gunzTarPerm extractEntry node_apidoc/dgram.html
293 silly gunzTarPerm extractEntry node_apidoc/dns.html
294 silly gunzTarPerm extractEntry node_apidoc/documentation.html
295 silly gunzTarPerm extractEntry node_apidoc/domain.html
296 silly gunzTarPerm extractEntry node_apidoc/events.html
297 silly gunzTarPerm extractEntry node_apidoc/fs.html
298 silly gunzTarPerm extractEntry node_apidoc/globals.html
299 silly gunzTarPerm extractEntry node_apidoc/http.html
300 silly gunzTarPerm extractEntry node_apidoc/https.html
301 silly gunzTarPerm extractEntry node_apidoc/addons.html
302 silly gunzTarPerm extractEntry node_apidoc/modules.html
303 silly gunzTarPerm extractEntry node_apidoc/net.html
304 silly gunzTarPerm extractEntry node_apidoc/os.html
305 silly gunzTarPerm extractEntry node_apidoc/path.html
306 silly gunzTarPerm extractEntry node_apidoc/process.html
307 silly gunzTarPerm extractEntry node_apidoc/punycode.html
308 silly gunzTarPerm extractEntry node_apidoc/querystring.html
309 silly gunzTarPerm extractEntry node_apidoc/readline.html
310 silly gunzTarPerm extractEntry node_apidoc/repl.html
311 silly gunzTarPerm extractEntry node_apidoc/stream.html
312 silly gunzTarPerm extractEntry node_apidoc/string_decoder.html
313 silly gunzTarPerm extractEntry node_apidoc/synopsis.html
314 silly gunzTarPerm extractEntry node_apidoc/timers.html
315 silly gunzTarPerm extractEntry node_apidoc/tls.html
316 silly gunzTarPerm extractEntry node_apidoc/tty.html
317 silly gunzTarPerm extractEntry node_apidoc/url.html
318 silly gunzTarPerm extractEntry node_apidoc/util.html
319 silly gunzTarPerm extractEntry node_apidoc/vm.html
320 silly gunzTarPerm extractEntry node_apidoc/zlib.html
321 silly gunzTarPerm extractEntry docs/bl.html
322 silly gunzTarPerm extractEntry docs/concat-stream.html
323 silly gunzTarPerm extractEntry docs/through2-map.html
324 silly lockFile a7911bc5-i-npm-learnyounode-1-0-1-package tar:///Users/timoorkurdi/.npm/learnyounode/1.0.1/package
325 silly lockFile a7911bc5-i-npm-learnyounode-1-0-1-package tar:///Users/timoorkurdi/.npm/learnyounode/1.0.1/package
326 silly lockFile facd4bab-m-learnyounode-1-0-1-package-tgz tar:///Users/timoorkurdi/.npm/learnyounode/1.0.1/package.tgz
327 silly lockFile facd4bab-m-learnyounode-1-0-1-package-tgz tar:///Users/timoorkurdi/.npm/learnyounode/1.0.1/package.tgz
328 verbose chmod /Users/timoorkurdi/.npm/learnyounode/1.0.1/package.tgz 644
329 verbose chown /Users/timoorkurdi/.npm/learnyounode/1.0.1/package.tgz [ 501, 20 ]
330 silly lockFile 759a4b43-rnyounode-learnyounode-1-0-1-tgz https://registry.npmjs.org/learnyounode/-/learnyounode-1.0.1.tgz
331 silly lockFile 759a4b43-rnyounode-learnyounode-1-0-1-tgz https://registry.npmjs.org/learnyounode/-/learnyounode-1.0.1.tgz
332 silly lockFile 22adafd5-learnyounode-1-0-1 learnyounode@1.0.1
333 silly lockFile 22adafd5-learnyounode-1-0-1 learnyounode@1.0.1
334 silly lockFile a353de34-learnyounode learnyounode@
335 silly lockFile a353de34-learnyounode learnyounode@
336 silly resolved [ { name: 'learnyounode',
336 silly resolved     version: '1.0.1',
336 silly resolved     description: 'Learn You The Node.js For Much Win! An intro to Node.js via a set of self-guided workshops.',
336 silly resolved     author:
336 silly resolved      { name: 'Rod Vagg',
336 silly resolved        email: 'rod@vagg.org',
336 silly resolved        url: 'https://github.com/rvagg' },
336 silly resolved     contributors: [ [Object], [Object], [Object], [Object], [Object], [Object] ],
336 silly resolved     repository:
336 silly resolved      { type: 'git',
336 silly resolved        url: 'https://github.com/rvagg/learnyounode.git' },
336 silly resolved     license: 'MIT',
336 silly resolved     dependencies:
336 silly resolved      { workshopper: '^1.0.0-alpha05',
336 silly resolved        'workshopper-exercise': '^0.2.2',
336 silly resolved        'workshopper-wrappedexec': '^0.1.1',
336 silly resolved        'workshopper-boilerplate': '0.0.1',
336 silly resolved        'concat-stream': '^1.4.1',
336 silly resolved        duplexer: '^0.1.1',
336 silly resolved        through: '^2.3.4',
336 silly resolved        boganipsum: '^0.1.0',
336 silly resolved        hyperquest: '^0.2.0',
336 silly resolved        bl: '^0.7.0',
336 silly resolved        'through2-map': '^1.2.1',
336 silly resolved        'colors-tmpl': '^0.1.0',
336 silly resolved        after: '^0.8.1',
336 silly resolved        rimraf: '^2.2.6',
336 silly resolved        chalk: '^0.4.0',
336 silly resolved        through2: '^0.4.1' },
336 silly resolved     bin: { learnyounode: './learnyounode.js' },
336 silly resolved     preferGlobal: true,
336 silly resolved     readme: '# Learn You The Node.js For Much Win!\n\n**An intro to Node.js via a set of self-guided workshops.**\n\n[![NPM](https://nodei.co/npm/learnyounode.png?downloads=true&stars=true)](https://nodei.co/npm/learnyounode/) [![NPM](https://nodei.co/npm-dl/learnyounode.png?months=3)](https://nodei.co/npm/learnyounode/)\n\n![Learn You The Node.js For Much Win!](https://raw.github.com/rvagg/learnyounode/master/learnyounode.png)\n\n  1. Install [Node.js](http://nodejs.org/)\n  2. Run `sudo npm install learnyounode -g`\n  3. Run `learnyounode`\n  4. **.. profit!**\n\n<b><code>learnyounode</code></b> will run through a series of Node.js workshops. Starting at a basic *"HELLO WORLD"* and moving on to more advanced exercises about dealing with synchronous & asynchronous I/O, filesystem operations, TCP and HTTP networking, events and streams.\n\nOnce you have finished <b><code>learnyounode</code></b>, graduate to <b><code>[stream-adventure](https://github.com/substack/stream-adventure)</code></b> for a set of exercises that dig in to Node\'s streams.\n\n### Contributors\n\n<b><code>learnyounode</code></b> is proudly brought to you by the following hackers:\n\n<table><tbody>\n<tr><th align="left">Rod Vagg</th><td><a href="https://github.com/rvagg">GitHub/rvagg</a></td><td><a href="http://twitter.com/rvagg">Twitter/@rvagg</a></td></tr>\n<tr><th align="left">Andrey Sidorov</th><td><a href="https://github.com/sidorares">GitHub/sidorares</a></td><td><a href="http://twitter.com/sidorares">Twitter/@sidorares</a></td></tr>\n<tr><th align="left">Julián Duque</th><td><a href="https://github.com/julianduque">GitHub/julianduque</a></td><td><a href="http://twitter.com/julian_duque">Twitter/@julian_duque</a></td></tr>\n<tr><th align="left">Lars-Magnus Skog</th><td><a href="https://github.com/ralphtheninja">GitHub/ralphtheninja</a></td><td><a href="http://twitter.com/ralphtheninja">Twitter/@ralphtheninja</a></td></tr>\n<tr><th align="left">Tim Inman</th><td><a href="https://github.com/thehack">GitHub/thehack</a></td><td><a href="http://twitter.com/timinman">Twitter/@timinman</a></td></tr>\n<tr><th align="left">Dan Flettre</th><td><a href="https://github.com/Flet">GitHub/Flet</a></td><td><a href="http://twitter.com/flettre">Twitter/@flettre</a></td></tr>\n</tbody></table>\n\n## License\n\n**learnyounode** is Copyright (c) 2013 Rod Vagg [@rvagg](https://twitter.com/rvagg) and licenced under the MIT licence. All rights not explicitly granted in the MIT license are reserved. See the included LICENSE file for more details.\n\n**learnyounode** builds on the excellent work by [@substack](https://github.com/substack) and [@maxogden](https://github.com/maxogden) who created **[stream-adventure](https://github.com/substack/stream-adventure)** which serves as the original foundation for **learnyounode**.\n',
336 silly resolved     readmeFilename: 'README.md',
336 silly resolved     bugs: { url: 'https://github.com/rvagg/learnyounode/issues' },
336 silly resolved     homepage: 'https://github.com/rvagg/learnyounode',
336 silly resolved     _id: 'learnyounode@1.0.1',
336 silly resolved     dist: { shasum: 'f2c070b4cf89db96c05599257e8ff9e112afcd90' },
336 silly resolved     _from: 'learnyounode@',
336 silly resolved     _resolved: 'https://registry.npmjs.org/learnyounode/-/learnyounode-1.0.1.tgz' } ]
337 info install learnyounode@1.0.1 into /usr/local/lib
338 info installOne learnyounode@1.0.1
339 info /usr/local/lib/node_modules/learnyounode unbuild
340 verbose tar unpack /Users/timoorkurdi/.npm/learnyounode/1.0.1/package.tgz
341 silly lockFile 97422473-al-lib-node-modules-learnyounode tar:///usr/local/lib/node_modules/learnyounode
342 verbose lock tar:///usr/local/lib/node_modules/learnyounode /Users/timoorkurdi/.npm/97422473-al-lib-node-modules-learnyounode.lock
343 silly lockFile facd4bab-m-learnyounode-1-0-1-package-tgz tar:///Users/timoorkurdi/.npm/learnyounode/1.0.1/package.tgz
344 verbose lock tar:///Users/timoorkurdi/.npm/learnyounode/1.0.1/package.tgz /Users/timoorkurdi/.npm/facd4bab-m-learnyounode-1-0-1-package-tgz.lock
345 silly gunzTarPerm modes [ '755', '644' ]
346 error Error: EACCES, mkdir '/usr/local/lib/node_modules/learnyounode'
346 error  { [Error: EACCES, mkdir '/usr/local/lib/node_modules/learnyounode']
346 error   errno: 3,
346 error   code: 'EACCES',
346 error   path: '/usr/local/lib/node_modules/learnyounode',
346 error   fstream_type: 'Directory',
346 error   fstream_path: '/usr/local/lib/node_modules/learnyounode',
346 error   fstream_class: 'DirWriter',
346 error   fstream_stack:
346 error    [ '/usr/local/lib/node_modules/npm/node_modules/fstream/lib/dir-writer.js:36:23',
346 error      '/usr/local/lib/node_modules/npm/node_modules/mkdirp/index.js:37:53',
346 error      'Object.oncomplete (fs.js:107:15)' ] }
347 error Please try running this command again as root/Administrator.
348 error System Darwin 13.1.0
349 error command "node" "/usr/local/bin/npm" "install" "learnyounode" "-g"
350 error cwd /Users/timoorkurdi/dev/wdi/rosencrantz/w07/d01/Classwork
351 error node -v v0.10.26
352 error npm -v 1.4.3
353 error path /usr/local/lib/node_modules/learnyounode
354 error fstream_path /usr/local/lib/node_modules/learnyounode
355 error fstream_type Directory
356 error fstream_class DirWriter
357 error code EACCES
358 error errno 3
359 error stack Error: EACCES, mkdir '/usr/local/lib/node_modules/learnyounode'
360 error fstream_stack /usr/local/lib/node_modules/npm/node_modules/fstream/lib/dir-writer.js:36:23
360 error fstream_stack /usr/local/lib/node_modules/npm/node_modules/mkdirp/index.js:37:53
360 error fstream_stack Object.oncomplete (fs.js:107:15)
361 verbose exit [ 3, true ]
